  Game.cpp
c:\users\user\source\repos\game\game\projectiles.h(15): warning C4244: '=': conversion from 'double' to 'float', possible loss of data
c:\users\user\source\repos\game\game\game.cpp(337): warning C4244: 'argument': conversion from 'float' to 'int', possible loss of data
c:\users\user\source\repos\game\game\game.cpp(338): warning C4244: 'argument': conversion from 'float' to 'int', possible loss of data
c:\users\user\source\repos\game\game\game.cpp(339): warning C4244: 'argument': conversion from 'float' to 'int', possible loss of data
c:\users\user\source\repos\game\game\game.cpp(340): warning C4244: 'argument': conversion from 'float' to 'int', possible loss of data
c:\users\user\source\repos\game\game\game.cpp(406): warning C4305: 'argument': truncation from 'double' to 'float'
c:\users\user\source\repos\game\game\game.cpp(412): warning C4305: 'argument': truncation from 'double' to 'float'
c:\users\user\source\repos\game\game\game.cpp(418): warning C4305: 'argument': truncation from 'double' to 'float'
c:\users\user\source\repos\game\game\game.cpp(462): warning C4244: 'argument': conversion from 'time_t' to 'unsigned int', possible loss of data
c:\users\user\source\repos\game\game\game.cpp(500): warning C4244: 'argument': conversion from 'unsigned int' to 'float', possible loss of data
c:\users\user\source\repos\game\game\game.cpp(501): warning C4244: 'argument': conversion from 'unsigned int' to 'float', possible loss of data
c:\users\user\source\repos\game\game\game.cpp(502): warning C4244: 'argument': conversion from 'unsigned int' to 'float', possible loss of data
c:\users\user\source\repos\game\game\game.cpp(503): warning C4244: 'argument': conversion from 'unsigned int' to 'float', possible loss of data
c:\users\user\source\repos\game\game\game.cpp(504): warning C4244: 'argument': conversion from 'unsigned int' to 'float', possible loss of data
c:\users\user\source\repos\game\game\game.cpp(505): warning C4244: 'argument': conversion from 'unsigned int' to 'float', possible loss of data
c:\users\user\source\repos\game\game\game.cpp(608): warning C4244: 'argument': conversion from 'unsigned int' to 'float', possible loss of data
c:\users\user\source\repos\game\game\game.cpp(609): warning C4244: 'argument': conversion from 'unsigned int' to 'float', possible loss of data
c:\users\user\source\repos\game\game\game.cpp(760): warning C4244: 'argument': conversion from 'unsigned int' to 'float', possible loss of data
c:\users\user\source\repos\game\game\game.cpp(761): warning C4244: 'argument': conversion from 'unsigned int' to 'float', possible loss of data
c:\users\user\source\repos\game\game\game.cpp(815): warning C4244: 'argument': conversion from 'unsigned int' to 'float', possible loss of data
c:\users\user\source\repos\game\game\game.cpp(830): warning C4244: 'argument': conversion from 'unsigned int' to 'float', possible loss of data
c:\users\user\source\repos\game\game\game.cpp(831): warning C4244: 'argument': conversion from 'unsigned int' to 'float', possible loss of data
c:\users\user\source\repos\game\game\game.cpp(923): warning C4244: 'argument': conversion from 'double' to 'float', possible loss of data
c:\users\user\source\repos\game\game\game.cpp(924): warning C4244: 'argument': conversion from 'double' to 'float', possible loss of data
c:\users\user\source\repos\game\game\game.cpp(924): warning C4244: 'argument': conversion from 'unsigned int' to 'float', possible loss of data
c:\users\user\source\repos\game\game\game.cpp(928): warning C4244: 'argument': conversion from 'double' to 'float', possible loss of data
c:\users\user\source\repos\game\game\game.cpp(929): warning C4244: 'argument': conversion from 'double' to 'float', possible loss of data
c:\users\user\source\repos\game\game\game.cpp(934): warning C4244: 'argument': conversion from 'double' to 'float', possible loss of data
c:\users\user\source\repos\game\game\game.cpp(935): warning C4244: 'argument': conversion from 'double' to 'float', possible loss of data
c:\users\user\source\repos\game\game\game.cpp(935): warning C4244: 'argument': conversion from 'unsigned int' to 'float', possible loss of data
c:\users\user\source\repos\game\game\game.cpp(942): warning C4244: 'argument': conversion from 'double' to 'float', possible loss of data
c:\users\user\source\repos\game\game\game.cpp(1049): warning C4018: '<': signed/unsigned mismatch
c:\users\user\source\repos\game\game\game.cpp(1051): warning C4018: '<': signed/unsigned mismatch
c:\users\user\source\repos\game\game\game.cpp(1064): warning C4018: '<': signed/unsigned mismatch
c:\users\user\source\repos\game\game\game.cpp(1066): warning C4018: '<': signed/unsigned mismatch
c:\users\user\source\repos\game\game\game.cpp(1079): warning C4018: '<': signed/unsigned mismatch
c:\users\user\source\repos\game\game\game.cpp(1081): warning C4018: '<': signed/unsigned mismatch
c:\users\user\source\repos\game\game\game.cpp(1094): warning C4018: '<': signed/unsigned mismatch
c:\users\user\source\repos\game\game\game.cpp(1096): warning C4018: '<': signed/unsigned mismatch
c:\users\user\source\repos\game\game\game.cpp(1108): warning C4018: '<': signed/unsigned mismatch
c:\users\user\source\repos\game\game\game.cpp(1110): warning C4018: '<': signed/unsigned mismatch
c:\users\user\source\repos\game\game\game.cpp(1123): warning C4018: '<': signed/unsigned mismatch
c:\users\user\source\repos\game\game\game.cpp(1125): warning C4018: '<': signed/unsigned mismatch
c:\users\user\source\repos\game\game\game.cpp(1137): warning C4018: '<': signed/unsigned mismatch
c:\users\user\source\repos\game\game\game.cpp(1139): warning C4018: '<': signed/unsigned mismatch
c:\users\user\source\repos\game\game\game.cpp(1152): warning C4018: '<': signed/unsigned mismatch
c:\users\user\source\repos\game\game\game.cpp(1154): warning C4018: '<': signed/unsigned mismatch
c:\users\user\source\repos\game\game\game.cpp(1170): warning C4018: '<': signed/unsigned mismatch
c:\users\user\source\repos\game\game\game.cpp(1172): warning C4018: '<': signed/unsigned mismatch
c:\users\user\source\repos\game\game\game.cpp(1184): warning C4018: '<': signed/unsigned mismatch
c:\users\user\source\repos\game\game\game.cpp(1186): warning C4018: '<': signed/unsigned mismatch
c:\users\user\source\repos\game\game\game.cpp(1195): warning C4018: '<': signed/unsigned mismatch
c:\users\user\source\repos\game\game\game.cpp(1197): warning C4018: '<': signed/unsigned mismatch
c:\users\user\source\repos\game\game\game.cpp(1205): warning C4018: '<': signed/unsigned mismatch
c:\users\user\source\repos\game\game\game.cpp(1207): warning C4018: '<': signed/unsigned mismatch
c:\users\user\source\repos\game\game\game.cpp(1211): warning C4244: 'argument': conversion from 'double' to 'float', possible loss of data
c:\users\user\source\repos\game\game\game.cpp(1215): warning C4018: '<': signed/unsigned mismatch
c:\users\user\source\repos\game\game\game.cpp(1217): warning C4018: '<': signed/unsigned mismatch
c:\users\user\source\repos\game\game\game.cpp(1226): warning C4018: '<': signed/unsigned mismatch
c:\users\user\source\repos\game\game\game.cpp(1228): warning C4018: '<': signed/unsigned mismatch
c:\users\user\source\repos\game\game\game.cpp(1232): warning C4244: 'argument': conversion from 'double' to 'float', possible loss of data
c:\users\user\source\repos\game\game\game.cpp(1236): warning C4018: '<': signed/unsigned mismatch
c:\users\user\source\repos\game\game\game.cpp(1238): warning C4018: '<': signed/unsigned mismatch
c:\users\user\source\repos\game\game\game.cpp(1250): warning C4018: '<': signed/unsigned mismatch
c:\users\user\source\repos\game\game\game.cpp(1266): warning C4244: 'argument': conversion from 'float' to 'int', possible loss of data
c:\users\user\source\repos\game\game\game.cpp(1279): warning C4244: 'argument': conversion from 'float' to 'int', possible loss of data
c:\users\user\source\repos\game\game\game.cpp(1292): warning C4244: 'argument': conversion from 'float' to 'int', possible loss of data
c:\users\user\source\repos\game\game\game.cpp(1305): warning C4244: 'argument': conversion from 'float' to 'int', possible loss of data
c:\users\user\source\repos\game\game\game.cpp(1318): warning C4018: '<': signed/unsigned mismatch
c:\users\user\source\repos\game\game\game.cpp(1333): warning C4018: '<': signed/unsigned mismatch
c:\users\user\source\repos\game\game\game.cpp(1341): warning C4018: '<': signed/unsigned mismatch
c:\users\user\source\repos\game\game\game.cpp(1351): warning C4018: '<': signed/unsigned mismatch
c:\users\user\source\repos\game\game\game.cpp(1366): warning C4018: '<': signed/unsigned mismatch
c:\users\user\source\repos\game\game\game.cpp(1374): warning C4018: '<': signed/unsigned mismatch
c:\users\user\source\repos\game\game\game.cpp(1384): warning C4018: '<': signed/unsigned mismatch
c:\users\user\source\repos\game\game\game.cpp(1394): warning C4018: '<': signed/unsigned mismatch
c:\users\user\source\repos\game\game\game.cpp(1409): warning C4018: '<': signed/unsigned mismatch
c:\users\user\source\repos\game\game\game.cpp(1416): warning C4244: 'argument': conversion from 'double' to 'float', possible loss of data
c:\users\user\source\repos\game\game\game.cpp(1424): warning C4244: 'argument': conversion from 'double' to 'float', possible loss of data
c:\users\user\source\repos\game\game\game.cpp(1427): warning C4305: 'argument': truncation from 'double' to 'float'
c:\users\user\source\repos\game\game\game.cpp(1432): warning C4244: 'argument': conversion from 'double' to 'float', possible loss of data
c:\users\user\source\repos\game\game\game.cpp(1435): warning C4305: 'argument': truncation from 'double' to 'float'
c:\users\user\source\repos\game\game\game.cpp(1440): warning C4244: 'argument': conversion from 'double' to 'float', possible loss of data
c:\users\user\source\repos\game\game\game.cpp(1443): warning C4305: 'argument': truncation from 'double' to 'float'
c:\users\user\source\repos\game\game\game.cpp(1448): warning C4244: 'argument': conversion from 'double' to 'float', possible loss of data
c:\users\user\source\repos\game\game\game.cpp(1451): warning C4305: 'argument': truncation from 'double' to 'float'
c:\users\user\source\repos\game\game\game.cpp(1458): warning C4018: '<': signed/unsigned mismatch
c:\users\user\source\repos\game\game\game.cpp(1468): warning C4244: 'argument': conversion from 'double' to 'float', possible loss of data
c:\users\user\source\repos\game\game\game.cpp(1477): warning C4244: 'argument': conversion from 'double' to 'float', possible loss of data
c:\users\user\source\repos\game\game\game.cpp(1486): warning C4244: 'argument': conversion from 'double' to 'float', possible loss of data
c:\users\user\source\repos\game\game\game.cpp(1496): warning C4244: 'argument': conversion from 'double' to 'float', possible loss of data
c:\users\user\source\repos\game\game\game.cpp(1498): warning C4305: 'argument': truncation from 'double' to 'float'
c:\users\user\source\repos\game\game\game.cpp(1505): warning C4018: '<': signed/unsigned mismatch
c:\users\user\source\repos\game\game\game.cpp(1515): warning C4244: 'argument': conversion from 'double' to 'float', possible loss of data
c:\users\user\source\repos\game\game\game.cpp(1524): warning C4244: 'argument': conversion from 'double' to 'float', possible loss of data
c:\users\user\source\repos\game\game\game.cpp(1533): warning C4244: 'argument': conversion from 'double' to 'float', possible loss of data
c:\users\user\source\repos\game\game\game.cpp(1543): warning C4244: 'argument': conversion from 'double' to 'float', possible loss of data
c:\users\user\source\repos\game\game\game.cpp(1545): warning C4305: 'argument': truncation from 'double' to 'float'
c:\users\user\source\repos\game\game\game.cpp(1552): warning C4018: '<': signed/unsigned mismatch
c:\users\user\source\repos\game\game\game.cpp(1562): warning C4244: 'argument': conversion from 'double' to 'float', possible loss of data
c:\users\user\source\repos\game\game\game.cpp(1564): warning C4305: 'argument': truncation from 'double' to 'float'
c:\users\user\source\repos\game\game\game.cpp(1606): warning C4018: '<': signed/unsigned mismatch
c:\users\user\source\repos\game\game\game.cpp(1620): warning C4018: '<': signed/unsigned mismatch
c:\users\user\source\repos\game\game\game.cpp(1645): warning C4018: '<': signed/unsigned mismatch
c:\users\user\source\repos\game\game\game.cpp(1649): warning C4018: '<': signed/unsigned mismatch
c:\users\user\source\repos\game\game\game.cpp(1653): warning C4018: '<': signed/unsigned mismatch
c:\users\user\source\repos\game\game\game.cpp(1657): warning C4018: '<': signed/unsigned mismatch
c:\users\user\source\repos\game\game\game.cpp(1661): warning C4018: '<': signed/unsigned mismatch
c:\users\user\source\repos\game\game\game.cpp(1665): warning C4018: '<': signed/unsigned mismatch
c:\users\user\source\repos\game\game\game.cpp(1669): warning C4018: '<': signed/unsigned mismatch
c:\users\user\source\repos\game\game\game.cpp(1673): warning C4018: '<': signed/unsigned mismatch
c:\users\user\source\repos\game\game\game.cpp(1689): warning C4018: '<': signed/unsigned mismatch
c:\users\user\source\repos\game\game\game.cpp(1753): warning C4244: 'argument': conversion from 'double' to 'float', possible loss of data
c:\users\user\source\repos\game\game\game.cpp(1754): warning C4244: 'argument': conversion from 'double' to 'float', possible loss of data
c:\users\user\source\repos\game\game\game.cpp(1754): warning C4244: 'argument': conversion from 'unsigned int' to 'float', possible loss of data
c:\users\user\source\repos\game\game\game.cpp(1758): warning C4244: 'argument': conversion from 'double' to 'float', possible loss of data
c:\users\user\source\repos\game\game\game.cpp(1759): warning C4244: 'argument': conversion from 'double' to 'float', possible loss of data
c:\users\user\source\repos\game\game\game.cpp(1764): warning C4244: 'argument': conversion from 'double' to 'float', possible loss of data
c:\users\user\source\repos\game\game\game.cpp(1765): warning C4244: 'argument': conversion from 'double' to 'float', possible loss of data
c:\users\user\source\repos\game\game\game.cpp(1765): warning C4244: 'argument': conversion from 'unsigned int' to 'float', possible loss of data
c:\users\user\source\repos\game\game\game.cpp(1772): warning C4244: 'argument': conversion from 'double' to 'float', possible loss of data
c:\users\user\source\repos\game\game\game.cpp(1797): warning C4244: 'argument': conversion from 'int' to 'float', possible loss of data
c:\users\user\source\repos\game\game\game.cpp(1818): warning C4244: 'argument': conversion from 'int' to 'float', possible loss of data
c:\users\user\source\repos\game\game\game.cpp(1875): warning C4018: '<': signed/unsigned mismatch
c:\users\user\source\repos\game\game\game.cpp(1877): warning C4018: '<': signed/unsigned mismatch
c:\users\user\source\repos\game\game\game.cpp(1890): warning C4018: '<': signed/unsigned mismatch
c:\users\user\source\repos\game\game\game.cpp(1892): warning C4018: '<': signed/unsigned mismatch
c:\users\user\source\repos\game\game\game.cpp(1905): warning C4018: '<': signed/unsigned mismatch
c:\users\user\source\repos\game\game\game.cpp(1907): warning C4018: '<': signed/unsigned mismatch
c:\users\user\source\repos\game\game\game.cpp(1920): warning C4018: '<': signed/unsigned mismatch
c:\users\user\source\repos\game\game\game.cpp(1922): warning C4018: '<': signed/unsigned mismatch
c:\users\user\source\repos\game\game\game.cpp(1938): warning C4018: '<': signed/unsigned mismatch
c:\users\user\source\repos\game\game\game.cpp(1940): warning C4018: '<': signed/unsigned mismatch
c:\users\user\source\repos\game\game\game.cpp(1952): warning C4018: '<': signed/unsigned mismatch
c:\users\user\source\repos\game\game\game.cpp(1954): warning C4018: '<': signed/unsigned mismatch
c:\users\user\source\repos\game\game\game.cpp(1971): warning C4018: '<': signed/unsigned mismatch
c:\users\user\source\repos\game\game\game.cpp(1973): warning C4018: '<': signed/unsigned mismatch
c:\users\user\source\repos\game\game\game.cpp(1982): warning C4018: '<': signed/unsigned mismatch
c:\users\user\source\repos\game\game\game.cpp(1984): warning C4018: '<': signed/unsigned mismatch
c:\users\user\source\repos\game\game\game.cpp(1995): warning C4018: '<': signed/unsigned mismatch
c:\users\user\source\repos\game\game\game.cpp(2011): warning C4244: 'argument': conversion from 'float' to 'int', possible loss of data
c:\users\user\source\repos\game\game\game.cpp(2024): warning C4244: 'argument': conversion from 'float' to 'int', possible loss of data
c:\users\user\source\repos\game\game\game.cpp(2037): warning C4244: 'argument': conversion from 'float' to 'int', possible loss of data
c:\users\user\source\repos\game\game\game.cpp(2050): warning C4244: 'argument': conversion from 'float' to 'int', possible loss of data
c:\users\user\source\repos\game\game\game.cpp(2063): warning C4018: '<': signed/unsigned mismatch
c:\users\user\source\repos\game\game\game.cpp(2079): warning C4018: '<': signed/unsigned mismatch
c:\users\user\source\repos\game\game\game.cpp(2095): warning C4018: '<': signed/unsigned mismatch
c:\users\user\source\repos\game\game\game.cpp(2110): warning C4018: '<': signed/unsigned mismatch
c:\users\user\source\repos\game\game\game.cpp(2125): warning C4018: '<': signed/unsigned mismatch
c:\users\user\source\repos\game\game\game.cpp(2132): warning C4244: 'argument': conversion from 'double' to 'float', possible loss of data
c:\users\user\source\repos\game\game\game.cpp(2140): warning C4244: 'argument': conversion from 'double' to 'float', possible loss of data
c:\users\user\source\repos\game\game\game.cpp(2143): warning C4305: 'argument': truncation from 'double' to 'float'
c:\users\user\source\repos\game\game\game.cpp(2148): warning C4244: 'argument': conversion from 'double' to 'float', possible loss of data
c:\users\user\source\repos\game\game\game.cpp(2151): warning C4305: 'argument': truncation from 'double' to 'float'
c:\users\user\source\repos\game\game\game.cpp(2156): warning C4244: 'argument': conversion from 'double' to 'float', possible loss of data
c:\users\user\source\repos\game\game\game.cpp(2159): warning C4305: 'argument': truncation from 'double' to 'float'
c:\users\user\source\repos\game\game\game.cpp(2164): warning C4244: 'argument': conversion from 'double' to 'float', possible loss of data
c:\users\user\source\repos\game\game\game.cpp(2167): warning C4305: 'argument': truncation from 'double' to 'float'
c:\users\user\source\repos\game\game\game.cpp(2174): warning C4018: '<': signed/unsigned mismatch
c:\users\user\source\repos\game\game\game.cpp(2184): warning C4244: 'argument': conversion from 'double' to 'float', possible loss of data
c:\users\user\source\repos\game\game\game.cpp(2193): warning C4244: 'argument': conversion from 'double' to 'float', possible loss of data
c:\users\user\source\repos\game\game\game.cpp(2202): warning C4244: 'argument': conversion from 'double' to 'float', possible loss of data
c:\users\user\source\repos\game\game\game.cpp(2212): warning C4244: 'argument': conversion from 'double' to 'float', possible loss of data
c:\users\user\source\repos\game\game\game.cpp(2214): warning C4305: 'argument': truncation from 'double' to 'float'
c:\users\user\source\repos\game\game\game.cpp(2260): warning C4018: '<': signed/unsigned mismatch
c:\users\user\source\repos\game\game\game.cpp(2274): warning C4018: '<': signed/unsigned mismatch
c:\users\user\source\repos\game\game\game.cpp(2299): warning C4018: '<': signed/unsigned mismatch
c:\users\user\source\repos\game\game\game.cpp(2303): warning C4018: '<': signed/unsigned mismatch
c:\users\user\source\repos\game\game\game.cpp(2307): warning C4018: '<': signed/unsigned mismatch
c:\users\user\source\repos\game\game\game.cpp(2311): warning C4018: '<': signed/unsigned mismatch
c:\users\user\source\repos\game\game\game.cpp(2315): warning C4018: '<': signed/unsigned mismatch
c:\users\user\source\repos\game\game\game.cpp(2320): warning C4018: '<': signed/unsigned mismatch
c:\users\user\source\repos\game\game\game.cpp(2324): warning C4018: '<': signed/unsigned mismatch
c:\users\user\source\repos\game\game\game.cpp(2349): warning C4018: '<': signed/unsigned mismatch
c:\users\user\source\repos\game\game\game.cpp(2413): warning C4244: 'argument': conversion from 'double' to 'float', possible loss of data
c:\users\user\source\repos\game\game\game.cpp(2414): warning C4244: 'argument': conversion from 'double' to 'float', possible loss of data
c:\users\user\source\repos\game\game\game.cpp(2414): warning C4244: 'argument': conversion from 'unsigned int' to 'float', possible loss of data
c:\users\user\source\repos\game\game\game.cpp(2418): warning C4244: 'argument': conversion from 'double' to 'float', possible loss of data
c:\users\user\source\repos\game\game\game.cpp(2419): warning C4244: 'argument': conversion from 'double' to 'float', possible loss of data
c:\users\user\source\repos\game\game\game.cpp(2424): warning C4244: 'argument': conversion from 'double' to 'float', possible loss of data
c:\users\user\source\repos\game\game\game.cpp(2425): warning C4244: 'argument': conversion from 'double' to 'float', possible loss of data
c:\users\user\source\repos\game\game\game.cpp(2425): warning C4244: 'argument': conversion from 'unsigned int' to 'float', possible loss of data
c:\users\user\source\repos\game\game\game.cpp(2432): warning C4244: 'argument': conversion from 'double' to 'float', possible loss of data
c:\users\user\source\repos\game\game\game.cpp(2544): warning C4018: '<': signed/unsigned mismatch
c:\users\user\source\repos\game\game\game.cpp(2546): warning C4018: '<': signed/unsigned mismatch
c:\users\user\source\repos\game\game\game.cpp(2559): warning C4018: '<': signed/unsigned mismatch
c:\users\user\source\repos\game\game\game.cpp(2561): warning C4018: '<': signed/unsigned mismatch
c:\users\user\source\repos\game\game\game.cpp(2574): warning C4018: '<': signed/unsigned mismatch
c:\users\user\source\repos\game\game\game.cpp(2576): warning C4018: '<': signed/unsigned mismatch
c:\users\user\source\repos\game\game\game.cpp(2589): warning C4018: '<': signed/unsigned mismatch
c:\users\user\source\repos\game\game\game.cpp(2591): warning C4018: '<': signed/unsigned mismatch
c:\users\user\source\repos\game\game\game.cpp(2603): warning C4018: '<': signed/unsigned mismatch
c:\users\user\source\repos\game\game\game.cpp(2605): warning C4018: '<': signed/unsigned mismatch
c:\users\user\source\repos\game\game\game.cpp(2618): warning C4018: '<': signed/unsigned mismatch
c:\users\user\source\repos\game\game\game.cpp(2620): warning C4018: '<': signed/unsigned mismatch
c:\users\user\source\repos\game\game\game.cpp(2632): warning C4018: '<': signed/unsigned mismatch
c:\users\user\source\repos\game\game\game.cpp(2634): warning C4018: '<': signed/unsigned mismatch
c:\users\user\source\repos\game\game\game.cpp(2647): warning C4018: '<': signed/unsigned mismatch
c:\users\user\source\repos\game\game\game.cpp(2649): warning C4018: '<': signed/unsigned mismatch
c:\users\user\source\repos\game\game\game.cpp(2665): warning C4018: '<': signed/unsigned mismatch
c:\users\user\source\repos\game\game\game.cpp(2667): warning C4018: '<': signed/unsigned mismatch
c:\users\user\source\repos\game\game\game.cpp(2679): warning C4018: '<': signed/unsigned mismatch
c:\users\user\source\repos\game\game\game.cpp(2681): warning C4018: '<': signed/unsigned mismatch
c:\users\user\source\repos\game\game\game.cpp(2690): warning C4018: '<': signed/unsigned mismatch
c:\users\user\source\repos\game\game\game.cpp(2692): warning C4018: '<': signed/unsigned mismatch
c:\users\user\source\repos\game\game\game.cpp(2700): warning C4018: '<': signed/unsigned mismatch
c:\users\user\source\repos\game\game\game.cpp(2702): warning C4018: '<': signed/unsigned mismatch
c:\users\user\source\repos\game\game\game.cpp(2706): warning C4244: 'argument': conversion from 'double' to 'float', possible loss of data
c:\users\user\source\repos\game\game\game.cpp(2710): warning C4018: '<': signed/unsigned mismatch
c:\users\user\source\repos\game\game\game.cpp(2712): warning C4018: '<': signed/unsigned mismatch
c:\users\user\source\repos\game\game\game.cpp(2721): warning C4018: '<': signed/unsigned mismatch
c:\users\user\source\repos\game\game\game.cpp(2723): warning C4018: '<': signed/unsigned mismatch
c:\users\user\source\repos\game\game\game.cpp(2727): warning C4244: 'argument': conversion from 'double' to 'float', possible loss of data
c:\users\user\source\repos\game\game\game.cpp(2731): warning C4018: '<': signed/unsigned mismatch
c:\users\user\source\repos\game\game\game.cpp(2733): warning C4018: '<': signed/unsigned mismatch
c:\users\user\source\repos\game\game\game.cpp(2745): warning C4018: '<': signed/unsigned mismatch
c:\users\user\source\repos\game\game\game.cpp(2761): warning C4244: 'argument': conversion from 'float' to 'int', possible loss of data
c:\users\user\source\repos\game\game\game.cpp(2774): warning C4244: 'argument': conversion from 'float' to 'int', possible loss of data
c:\users\user\source\repos\game\game\game.cpp(2787): warning C4244: 'argument': conversion from 'float' to 'int', possible loss of data
c:\users\user\source\repos\game\game\game.cpp(2800): warning C4244: 'argument': conversion from 'float' to 'int', possible loss of data
c:\users\user\source\repos\game\game\game.cpp(2813): warning C4018: '<': signed/unsigned mismatch
c:\users\user\source\repos\game\game\game.cpp(2828): warning C4018: '<': signed/unsigned mismatch
c:\users\user\source\repos\game\game\game.cpp(2836): warning C4018: '<': signed/unsigned mismatch
c:\users\user\source\repos\game\game\game.cpp(2846): warning C4018: '<': signed/unsigned mismatch
c:\users\user\source\repos\game\game\game.cpp(2861): warning C4018: '<': signed/unsigned mismatch
c:\users\user\source\repos\game\game\game.cpp(2869): warning C4018: '<': signed/unsigned mismatch
c:\users\user\source\repos\game\game\game.cpp(2879): warning C4018: '<': signed/unsigned mismatch
c:\users\user\source\repos\game\game\game.cpp(2889): warning C4018: '<': signed/unsigned mismatch
c:\users\user\source\repos\game\game\game.cpp(2904): warning C4018: '<': signed/unsigned mismatch
c:\users\user\source\repos\game\game\game.cpp(2911): warning C4244: 'argument': conversion from 'double' to 'float', possible loss of data
c:\users\user\source\repos\game\game\game.cpp(2919): warning C4244: 'argument': conversion from 'double' to 'float', possible loss of data
c:\users\user\source\repos\game\game\game.cpp(2922): warning C4305: 'argument': truncation from 'double' to 'float'
c:\users\user\source\repos\game\game\game.cpp(2927): warning C4244: 'argument': conversion from 'double' to 'float', possible loss of data
c:\users\user\source\repos\game\game\game.cpp(2930): warning C4305: 'argument': truncation from 'double' to 'float'
c:\users\user\source\repos\game\game\game.cpp(2935): warning C4244: 'argument': conversion from 'double' to 'float', possible loss of data
c:\users\user\source\repos\game\game\game.cpp(2938): warning C4305: 'argument': truncation from 'double' to 'float'
c:\users\user\source\repos\game\game\game.cpp(2943): warning C4244: 'argument': conversion from 'double' to 'float', possible loss of data
c:\users\user\source\repos\game\game\game.cpp(2946): warning C4305: 'argument': truncation from 'double' to 'float'
c:\users\user\source\repos\game\game\game.cpp(2953): warning C4018: '<': signed/unsigned mismatch
c:\users\user\source\repos\game\game\game.cpp(2963): warning C4244: 'argument': conversion from 'double' to 'float', possible loss of data
c:\users\user\source\repos\game\game\game.cpp(2972): warning C4244: 'argument': conversion from 'double' to 'float', possible loss of data
c:\users\user\source\repos\game\game\game.cpp(2981): warning C4244: 'argument': conversion from 'double' to 'float', possible loss of data
c:\users\user\source\repos\game\game\game.cpp(2991): warning C4244: 'argument': conversion from 'double' to 'float', possible loss of data
c:\users\user\source\repos\game\game\game.cpp(2993): warning C4305: 'argument': truncation from 'double' to 'float'
c:\users\user\source\repos\game\game\game.cpp(3000): warning C4018: '<': signed/unsigned mismatch
c:\users\user\source\repos\game\game\game.cpp(3010): warning C4244: 'argument': conversion from 'double' to 'float', possible loss of data
c:\users\user\source\repos\game\game\game.cpp(3019): warning C4244: 'argument': conversion from 'double' to 'float', possible loss of data
c:\users\user\source\repos\game\game\game.cpp(3028): warning C4244: 'argument': conversion from 'double' to 'float', possible loss of data
c:\users\user\source\repos\game\game\game.cpp(3038): warning C4244: 'argument': conversion from 'double' to 'float', possible loss of data
c:\users\user\source\repos\game\game\game.cpp(3040): warning C4305: 'argument': truncation from 'double' to 'float'
c:\users\user\source\repos\game\game\game.cpp(3047): warning C4018: '<': signed/unsigned mismatch
c:\users\user\source\repos\game\game\game.cpp(3057): warning C4244: 'argument': conversion from 'double' to 'float', possible loss of data
c:\users\user\source\repos\game\game\game.cpp(3059): warning C4305: 'argument': truncation from 'double' to 'float'
c:\users\user\source\repos\game\game\game.cpp(3101): warning C4018: '<': signed/unsigned mismatch
c:\users\user\source\repos\game\game\game.cpp(3115): warning C4018: '<': signed/unsigned mismatch
c:\users\user\source\repos\game\game\game.cpp(3140): warning C4018: '<': signed/unsigned mismatch
c:\users\user\source\repos\game\game\game.cpp(3144): warning C4018: '<': signed/unsigned mismatch
c:\users\user\source\repos\game\game\game.cpp(3148): warning C4018: '<': signed/unsigned mismatch
c:\users\user\source\repos\game\game\game.cpp(3152): warning C4018: '<': signed/unsigned mismatch
c:\users\user\source\repos\game\game\game.cpp(3156): warning C4018: '<': signed/unsigned mismatch
c:\users\user\source\repos\game\game\game.cpp(3160): warning C4018: '<': signed/unsigned mismatch
c:\users\user\source\repos\game\game\game.cpp(3164): warning C4018: '<': signed/unsigned mismatch
c:\users\user\source\repos\game\game\game.cpp(3168): warning C4018: '<': signed/unsigned mismatch
c:\users\user\source\repos\game\game\game.cpp(3184): warning C4018: '<': signed/unsigned mismatch
c:\users\user\source\repos\game\game\game.cpp(3248): warning C4244: 'argument': conversion from 'double' to 'float', possible loss of data
c:\users\user\source\repos\game\game\game.cpp(3249): warning C4244: 'argument': conversion from 'double' to 'float', possible loss of data
c:\users\user\source\repos\game\game\game.cpp(3249): warning C4244: 'argument': conversion from 'unsigned int' to 'float', possible loss of data
c:\users\user\source\repos\game\game\game.cpp(3253): warning C4244: 'argument': conversion from 'double' to 'float', possible loss of data
c:\users\user\source\repos\game\game\game.cpp(3254): warning C4244: 'argument': conversion from 'double' to 'float', possible loss of data
c:\users\user\source\repos\game\game\game.cpp(3259): warning C4244: 'argument': conversion from 'double' to 'float', possible loss of data
c:\users\user\source\repos\game\game\game.cpp(3260): warning C4244: 'argument': conversion from 'double' to 'float', possible loss of data
c:\users\user\source\repos\game\game\game.cpp(3260): warning C4244: 'argument': conversion from 'unsigned int' to 'float', possible loss of data
c:\users\user\source\repos\game\game\game.cpp(3267): warning C4244: 'argument': conversion from 'double' to 'float', possible loss of data
c:\users\user\source\repos\game\game\game.cpp(3295): warning C4244: 'argument': conversion from 'int' to 'float', possible loss of data
c:\users\user\source\repos\game\game\game.cpp(3313): warning C4244: 'argument': conversion from 'int' to 'float', possible loss of data
c:\users\user\source\repos\game\game\game.cpp(3370): warning C4018: '<': signed/unsigned mismatch
c:\users\user\source\repos\game\game\game.cpp(3372): warning C4018: '<': signed/unsigned mismatch
c:\users\user\source\repos\game\game\game.cpp(3385): warning C4018: '<': signed/unsigned mismatch
c:\users\user\source\repos\game\game\game.cpp(3387): warning C4018: '<': signed/unsigned mismatch
c:\users\user\source\repos\game\game\game.cpp(3400): warning C4018: '<': signed/unsigned mismatch
c:\users\user\source\repos\game\game\game.cpp(3402): warning C4018: '<': signed/unsigned mismatch
c:\users\user\source\repos\game\game\game.cpp(3415): warning C4018: '<': signed/unsigned mismatch
c:\users\user\source\repos\game\game\game.cpp(3417): warning C4018: '<': signed/unsigned mismatch
c:\users\user\source\repos\game\game\game.cpp(3430): warning C4018: '<': signed/unsigned mismatch
c:\users\user\source\repos\game\game\game.cpp(3432): warning C4018: '<': signed/unsigned mismatch
c:\users\user\source\repos\game\game\game.cpp(3445): warning C4018: '<': signed/unsigned mismatch
c:\users\user\source\repos\game\game\game.cpp(3447): warning C4018: '<': signed/unsigned mismatch
c:\users\user\source\repos\game\game\game.cpp(3463): warning C4018: '<': signed/unsigned mismatch
c:\users\user\source\repos\game\game\game.cpp(3465): warning C4018: '<': signed/unsigned mismatch
c:\users\user\source\repos\game\game\game.cpp(3477): warning C4018: '<': signed/unsigned mismatch
c:\users\user\source\repos\game\game\game.cpp(3479): warning C4018: '<': signed/unsigned mismatch
c:\users\user\source\repos\game\game\game.cpp(3488): warning C4018: '<': signed/unsigned mismatch
c:\users\user\source\repos\game\game\game.cpp(3490): warning C4018: '<': signed/unsigned mismatch
c:\users\user\source\repos\game\game\game.cpp(3499): warning C4018: '<': signed/unsigned mismatch
c:\users\user\source\repos\game\game\game.cpp(3501): warning C4018: '<': signed/unsigned mismatch
c:\users\user\source\repos\game\game\game.cpp(3512): warning C4018: '<': signed/unsigned mismatch
c:\users\user\source\repos\game\game\game.cpp(3528): warning C4244: 'argument': conversion from 'float' to 'int', possible loss of data
c:\users\user\source\repos\game\game\game.cpp(3541): warning C4244: 'argument': conversion from 'float' to 'int', possible loss of data
c:\users\user\source\repos\game\game\game.cpp(3554): warning C4244: 'argument': conversion from 'float' to 'int', possible loss of data
c:\users\user\source\repos\game\game\game.cpp(3567): warning C4244: 'argument': conversion from 'float' to 'int', possible loss of data
c:\users\user\source\repos\game\game\game.cpp(3580): warning C4018: '<': signed/unsigned mismatch
c:\users\user\source\repos\game\game\game.cpp(3596): warning C4018: '<': signed/unsigned mismatch
c:\users\user\source\repos\game\game\game.cpp(3611): warning C4018: '<': signed/unsigned mismatch
c:\users\user\source\repos\game\game\game.cpp(3619): warning C4018: '<': signed/unsigned mismatch
c:\users\user\source\repos\game\game\game.cpp(3629): warning C4018: '<': signed/unsigned mismatch
c:\users\user\source\repos\game\game\game.cpp(3640): warning C4018: '<': signed/unsigned mismatch
c:\users\user\source\repos\game\game\game.cpp(3655): warning C4018: '<': signed/unsigned mismatch
c:\users\user\source\repos\game\game\game.cpp(3662): warning C4244: 'argument': conversion from 'double' to 'float', possible loss of data
c:\users\user\source\repos\game\game\game.cpp(3670): warning C4244: 'argument': conversion from 'double' to 'float', possible loss of data
c:\users\user\source\repos\game\game\game.cpp(3673): warning C4305: 'argument': truncation from 'double' to 'float'
c:\users\user\source\repos\game\game\game.cpp(3678): warning C4244: 'argument': conversion from 'double' to 'float', possible loss of data
c:\users\user\source\repos\game\game\game.cpp(3681): warning C4305: 'argument': truncation from 'double' to 'float'
c:\users\user\source\repos\game\game\game.cpp(3686): warning C4244: 'argument': conversion from 'double' to 'float', possible loss of data
c:\users\user\source\repos\game\game\game.cpp(3689): warning C4305: 'argument': truncation from 'double' to 'float'
c:\users\user\source\repos\game\game\game.cpp(3694): warning C4244: 'argument': conversion from 'double' to 'float', possible loss of data
c:\users\user\source\repos\game\game\game.cpp(3697): warning C4305: 'argument': truncation from 'double' to 'float'
c:\users\user\source\repos\game\game\game.cpp(3704): warning C4018: '<': signed/unsigned mismatch
c:\users\user\source\repos\game\game\game.cpp(3714): warning C4244: 'argument': conversion from 'double' to 'float', possible loss of data
c:\users\user\source\repos\game\game\game.cpp(3723): warning C4244: 'argument': conversion from 'double' to 'float', possible loss of data
c:\users\user\source\repos\game\game\game.cpp(3732): warning C4244: 'argument': conversion from 'double' to 'float', possible loss of data
c:\users\user\source\repos\game\game\game.cpp(3742): warning C4244: 'argument': conversion from 'double' to 'float', possible loss of data
c:\users\user\source\repos\game\game\game.cpp(3744): warning C4305: 'argument': truncation from 'double' to 'float'
c:\users\user\source\repos\game\game\game.cpp(3754): warning C4018: '<': signed/unsigned mismatch
c:\users\user\source\repos\game\game\game.cpp(3796): warning C4018: '<': signed/unsigned mismatch
c:\users\user\source\repos\game\game\game.cpp(3810): warning C4018: '<': signed/unsigned mismatch
c:\users\user\source\repos\game\game\game.cpp(3835): warning C4018: '<': signed/unsigned mismatch
c:\users\user\source\repos\game\game\game.cpp(3839): warning C4018: '<': signed/unsigned mismatch
c:\users\user\source\repos\game\game\game.cpp(3843): warning C4018: '<': signed/unsigned mismatch
c:\users\user\source\repos\game\game\game.cpp(3847): warning C4018: '<': signed/unsigned mismatch
c:\users\user\source\repos\game\game\game.cpp(3851): warning C4018: '<': signed/unsigned mismatch
c:\users\user\source\repos\game\game\game.cpp(3856): warning C4018: '<': signed/unsigned mismatch
c:\users\user\source\repos\game\game\game.cpp(3860): warning C4018: '<': signed/unsigned mismatch
c:\users\user\source\repos\game\game\game.cpp(3864): warning C4018: '<': signed/unsigned mismatch
c:\users\user\source\repos\game\game\game.cpp(3880): warning C4018: '<': signed/unsigned mismatch
c:\users\user\source\repos\game\game\game.cpp(3944): warning C4244: 'argument': conversion from 'double' to 'float', possible loss of data
c:\users\user\source\repos\game\game\game.cpp(3945): warning C4244: 'argument': conversion from 'double' to 'float', possible loss of data
c:\users\user\source\repos\game\game\game.cpp(3945): warning C4244: 'argument': conversion from 'unsigned int' to 'float', possible loss of data
c:\users\user\source\repos\game\game\game.cpp(3949): warning C4244: 'argument': conversion from 'double' to 'float', possible loss of data
c:\users\user\source\repos\game\game\game.cpp(3950): warning C4244: 'argument': conversion from 'double' to 'float', possible loss of data
c:\users\user\source\repos\game\game\game.cpp(3955): warning C4244: 'argument': conversion from 'double' to 'float', possible loss of data
c:\users\user\source\repos\game\game\game.cpp(3956): warning C4244: 'argument': conversion from 'double' to 'float', possible loss of data
c:\users\user\source\repos\game\game\game.cpp(3956): warning C4244: 'argument': conversion from 'unsigned int' to 'float', possible loss of data
c:\users\user\source\repos\game\game\game.cpp(3963): warning C4244: 'argument': conversion from 'double' to 'float', possible loss of data
c:\users\user\source\repos\game\game\game.cpp(4067): warning C4018: '<': signed/unsigned mismatch
c:\users\user\source\repos\game\game\game.cpp(4069): warning C4018: '<': signed/unsigned mismatch
c:\users\user\source\repos\game\game\game.cpp(4082): warning C4018: '<': signed/unsigned mismatch
c:\users\user\source\repos\game\game\game.cpp(4084): warning C4018: '<': signed/unsigned mismatch
c:\users\user\source\repos\game\game\game.cpp(4097): warning C4018: '<': signed/unsigned mismatch
c:\users\user\source\repos\game\game\game.cpp(4099): warning C4018: '<': signed/unsigned mismatch
c:\users\user\source\repos\game\game\game.cpp(4112): warning C4018: '<': signed/unsigned mismatch
c:\users\user\source\repos\game\game\game.cpp(4114): warning C4018: '<': signed/unsigned mismatch
c:\users\user\source\repos\game\game\game.cpp(4127): warning C4018: '<': signed/unsigned mismatch
c:\users\user\source\repos\game\game\game.cpp(4129): warning C4018: '<': signed/unsigned mismatch
c:\users\user\source\repos\game\game\game.cpp(4142): warning C4018: '<': signed/unsigned mismatch
c:\users\user\source\repos\game\game\game.cpp(4144): warning C4018: '<': signed/unsigned mismatch
c:\users\user\source\repos\game\game\game.cpp(4157): warning C4018: '<': signed/unsigned mismatch
c:\users\user\source\repos\game\game\game.cpp(4159): warning C4018: '<': signed/unsigned mismatch
c:\users\user\source\repos\game\game\game.cpp(4172): warning C4018: '<': signed/unsigned mismatch
c:\users\user\source\repos\game\game\game.cpp(4174): warning C4018: '<': signed/unsigned mismatch
c:\users\user\source\repos\game\game\game.cpp(4190): warning C4018: '<': signed/unsigned mismatch
c:\users\user\source\repos\game\game\game.cpp(4192): warning C4018: '<': signed/unsigned mismatch
c:\users\user\source\repos\game\game\game.cpp(4204): warning C4018: '<': signed/unsigned mismatch
c:\users\user\source\repos\game\game\game.cpp(4206): warning C4018: '<': signed/unsigned mismatch
c:\users\user\source\repos\game\game\game.cpp(4215): warning C4018: '<': signed/unsigned mismatch
c:\users\user\source\repos\game\game\game.cpp(4217): warning C4018: '<': signed/unsigned mismatch
c:\users\user\source\repos\game\game\game.cpp(4225): warning C4018: '<': signed/unsigned mismatch
c:\users\user\source\repos\game\game\game.cpp(4227): warning C4018: '<': signed/unsigned mismatch
c:\users\user\source\repos\game\game\game.cpp(4231): warning C4244: 'argument': conversion from 'double' to 'float', possible loss of data
c:\users\user\source\repos\game\game\game.cpp(4235): warning C4018: '<': signed/unsigned mismatch
c:\users\user\source\repos\game\game\game.cpp(4237): warning C4018: '<': signed/unsigned mismatch
c:\users\user\source\repos\game\game\game.cpp(4246): warning C4018: '<': signed/unsigned mismatch
c:\users\user\source\repos\game\game\game.cpp(4248): warning C4018: '<': signed/unsigned mismatch
c:\users\user\source\repos\game\game\game.cpp(4252): warning C4244: 'argument': conversion from 'double' to 'float', possible loss of data
c:\users\user\source\repos\game\game\game.cpp(4256): warning C4018: '<': signed/unsigned mismatch
c:\users\user\source\repos\game\game\game.cpp(4258): warning C4018: '<': signed/unsigned mismatch
c:\users\user\source\repos\game\game\game.cpp(4262): warning C4244: 'argument': conversion from 'double' to 'float', possible loss of data
c:\users\user\source\repos\game\game\game.cpp(4266): warning C4018: '<': signed/unsigned mismatch
c:\users\user\source\repos\game\game\game.cpp(4268): warning C4018: '<': signed/unsigned mismatch
c:\users\user\source\repos\game\game\game.cpp(4280): warning C4018: '<': signed/unsigned mismatch
c:\users\user\source\repos\game\game\game.cpp(4296): warning C4244: 'argument': conversion from 'float' to 'int', possible loss of data
c:\users\user\source\repos\game\game\game.cpp(4309): warning C4244: 'argument': conversion from 'float' to 'int', possible loss of data
c:\users\user\source\repos\game\game\game.cpp(4322): warning C4244: 'argument': conversion from 'float' to 'int', possible loss of data
c:\users\user\source\repos\game\game\game.cpp(4335): warning C4244: 'argument': conversion from 'float' to 'int', possible loss of data
c:\users\user\source\repos\game\game\game.cpp(4348): warning C4018: '<': signed/unsigned mismatch
c:\users\user\source\repos\game\game\game.cpp(4363): warning C4018: '<': signed/unsigned mismatch
c:\users\user\source\repos\game\game\game.cpp(4371): warning C4018: '<': signed/unsigned mismatch
c:\users\user\source\repos\game\game\game.cpp(4381): warning C4018: '<': signed/unsigned mismatch
c:\users\user\source\repos\game\game\game.cpp(4396): warning C4018: '<': signed/unsigned mismatch
c:\users\user\source\repos\game\game\game.cpp(4404): warning C4018: '<': signed/unsigned mismatch
c:\users\user\source\repos\game\game\game.cpp(4414): warning C4018: '<': signed/unsigned mismatch
c:\users\user\source\repos\game\game\game.cpp(4424): warning C4018: '<': signed/unsigned mismatch
c:\users\user\source\repos\game\game\game.cpp(4439): warning C4018: '<': signed/unsigned mismatch
c:\users\user\source\repos\game\game\game.cpp(4446): warning C4244: 'argument': conversion from 'double' to 'float', possible loss of data
c:\users\user\source\repos\game\game\game.cpp(4454): warning C4244: 'argument': conversion from 'double' to 'float', possible loss of data
c:\users\user\source\repos\game\game\game.cpp(4457): warning C4305: 'argument': truncation from 'double' to 'float'
c:\users\user\source\repos\game\game\game.cpp(4462): warning C4244: 'argument': conversion from 'double' to 'float', possible loss of data
c:\users\user\source\repos\game\game\game.cpp(4465): warning C4305: 'argument': truncation from 'double' to 'float'
c:\users\user\source\repos\game\game\game.cpp(4470): warning C4244: 'argument': conversion from 'double' to 'float', possible loss of data
c:\users\user\source\repos\game\game\game.cpp(4473): warning C4305: 'argument': truncation from 'double' to 'float'
c:\users\user\source\repos\game\game\game.cpp(4478): warning C4244: 'argument': conversion from 'double' to 'float', possible loss of data
c:\users\user\source\repos\game\game\game.cpp(4481): warning C4305: 'argument': truncation from 'double' to 'float'
c:\users\user\source\repos\game\game\game.cpp(4488): warning C4018: '<': signed/unsigned mismatch
c:\users\user\source\repos\game\game\game.cpp(4498): warning C4244: 'argument': conversion from 'double' to 'float', possible loss of data
c:\users\user\source\repos\game\game\game.cpp(4507): warning C4244: 'argument': conversion from 'double' to 'float', possible loss of data
c:\users\user\source\repos\game\game\game.cpp(4516): warning C4244: 'argument': conversion from 'double' to 'float', possible loss of data
c:\users\user\source\repos\game\game\game.cpp(4526): warning C4244: 'argument': conversion from 'double' to 'float', possible loss of data
c:\users\user\source\repos\game\game\game.cpp(4528): warning C4305: 'argument': truncation from 'double' to 'float'
c:\users\user\source\repos\game\game\game.cpp(4535): warning C4018: '<': signed/unsigned mismatch
c:\users\user\source\repos\game\game\game.cpp(4545): warning C4244: 'argument': conversion from 'double' to 'float', possible loss of data
c:\users\user\source\repos\game\game\game.cpp(4554): warning C4244: 'argument': conversion from 'double' to 'float', possible loss of data
c:\users\user\source\repos\game\game\game.cpp(4563): warning C4244: 'argument': conversion from 'double' to 'float', possible loss of data
c:\users\user\source\repos\game\game\game.cpp(4573): warning C4244: 'argument': conversion from 'double' to 'float', possible loss of data
c:\users\user\source\repos\game\game\game.cpp(4575): warning C4305: 'argument': truncation from 'double' to 'float'
c:\users\user\source\repos\game\game\game.cpp(4582): warning C4018: '<': signed/unsigned mismatch
c:\users\user\source\repos\game\game\game.cpp(4592): warning C4244: 'argument': conversion from 'double' to 'float', possible loss of data
c:\users\user\source\repos\game\game\game.cpp(4594): warning C4305: 'argument': truncation from 'double' to 'float'
c:\users\user\source\repos\game\game\game.cpp(4635): warning C4018: '<': signed/unsigned mismatch
c:\users\user\source\repos\game\game\game.cpp(4649): warning C4018: '<': signed/unsigned mismatch
c:\users\user\source\repos\game\game\game.cpp(4674): warning C4018: '<': signed/unsigned mismatch
c:\users\user\source\repos\game\game\game.cpp(4678): warning C4018: '<': signed/unsigned mismatch
c:\users\user\source\repos\game\game\game.cpp(4682): warning C4018: '<': signed/unsigned mismatch
c:\users\user\source\repos\game\game\game.cpp(4686): warning C4018: '<': signed/unsigned mismatch
c:\users\user\source\repos\game\game\game.cpp(4690): warning C4018: '<': signed/unsigned mismatch
c:\users\user\source\repos\game\game\game.cpp(4694): warning C4018: '<': signed/unsigned mismatch
c:\users\user\source\repos\game\game\game.cpp(4698): warning C4018: '<': signed/unsigned mismatch
c:\users\user\source\repos\game\game\game.cpp(4702): warning C4018: '<': signed/unsigned mismatch
c:\users\user\source\repos\game\game\game.cpp(4718): warning C4018: '<': signed/unsigned mismatch
c:\users\user\source\repos\game\game\game.cpp(4782): warning C4244: 'argument': conversion from 'double' to 'float', possible loss of data
c:\users\user\source\repos\game\game\game.cpp(4783): warning C4244: 'argument': conversion from 'double' to 'float', possible loss of data
c:\users\user\source\repos\game\game\game.cpp(4783): warning C4244: 'argument': conversion from 'unsigned int' to 'float', possible loss of data
c:\users\user\source\repos\game\game\game.cpp(4787): warning C4244: 'argument': conversion from 'double' to 'float', possible loss of data
c:\users\user\source\repos\game\game\game.cpp(4788): warning C4244: 'argument': conversion from 'double' to 'float', possible loss of data
c:\users\user\source\repos\game\game\game.cpp(4793): warning C4244: 'argument': conversion from 'double' to 'float', possible loss of data
c:\users\user\source\repos\game\game\game.cpp(4794): warning C4244: 'argument': conversion from 'double' to 'float', possible loss of data
c:\users\user\source\repos\game\game\game.cpp(4794): warning C4244: 'argument': conversion from 'unsigned int' to 'float', possible loss of data
c:\users\user\source\repos\game\game\game.cpp(4801): warning C4244: 'argument': conversion from 'double' to 'float', possible loss of data
c:\users\user\source\repos\game\game\game.cpp(4830): warning C4244: 'argument': conversion from 'int' to 'float', possible loss of data
c:\users\user\source\repos\game\game\game.cpp(4848): warning C4244: 'argument': conversion from 'int' to 'float', possible loss of data
c:\users\user\source\repos\game\game\game.cpp(4904): warning C4018: '<': signed/unsigned mismatch
c:\users\user\source\repos\game\game\game.cpp(4906): warning C4018: '<': signed/unsigned mismatch
c:\users\user\source\repos\game\game\game.cpp(4919): warning C4018: '<': signed/unsigned mismatch
c:\users\user\source\repos\game\game\game.cpp(4921): warning C4018: '<': signed/unsigned mismatch
c:\users\user\source\repos\game\game\game.cpp(4934): warning C4018: '<': signed/unsigned mismatch
c:\users\user\source\repos\game\game\game.cpp(4936): warning C4018: '<': signed/unsigned mismatch
c:\users\user\source\repos\game\game\game.cpp(4949): warning C4018: '<': signed/unsigned mismatch
c:\users\user\source\repos\game\game\game.cpp(4951): warning C4018: '<': signed/unsigned mismatch
c:\users\user\source\repos\game\game\game.cpp(4967): warning C4018: '<': signed/unsigned mismatch
c:\users\user\source\repos\game\game\game.cpp(4969): warning C4018: '<': signed/unsigned mismatch
c:\users\user\source\repos\game\game\game.cpp(4981): warning C4018: '<': signed/unsigned mismatch
c:\users\user\source\repos\game\game\game.cpp(4983): warning C4018: '<': signed/unsigned mismatch
c:\users\user\source\repos\game\game\game.cpp(4992): warning C4018: '<': signed/unsigned mismatch
c:\users\user\source\repos\game\game\game.cpp(4994): warning C4018: '<': signed/unsigned mismatch
c:\users\user\source\repos\game\game\game.cpp(5002): warning C4018: '<': signed/unsigned mismatch
c:\users\user\source\repos\game\game\game.cpp(5004): warning C4018: '<': signed/unsigned mismatch
c:\users\user\source\repos\game\game\game.cpp(5016): warning C4018: '<': signed/unsigned mismatch
c:\users\user\source\repos\game\game\game.cpp(5032): warning C4244: 'argument': conversion from 'float' to 'int', possible loss of data
c:\users\user\source\repos\game\game\game.cpp(5045): warning C4244: 'argument': conversion from 'float' to 'int', possible loss of data
c:\users\user\source\repos\game\game\game.cpp(5058): warning C4244: 'argument': conversion from 'float' to 'int', possible loss of data
c:\users\user\source\repos\game\game\game.cpp(5071): warning C4244: 'argument': conversion from 'float' to 'int', possible loss of data
c:\users\user\source\repos\game\game\game.cpp(5084): warning C4018: '<': signed/unsigned mismatch
c:\users\user\source\repos\game\game\game.cpp(5100): warning C4018: '<': signed/unsigned mismatch
c:\users\user\source\repos\game\game\game.cpp(5116): warning C4018: '<': signed/unsigned mismatch
c:\users\user\source\repos\game\game\game.cpp(5131): warning C4018: '<': signed/unsigned mismatch
c:\users\user\source\repos\game\game\game.cpp(5139): warning C4018: '<': signed/unsigned mismatch
c:\users\user\source\repos\game\game\game.cpp(5154): warning C4018: '<': signed/unsigned mismatch
c:\users\user\source\repos\game\game\game.cpp(5162): warning C4018: '<': signed/unsigned mismatch
c:\users\user\source\repos\game\game\game.cpp(5177): warning C4018: '<': signed/unsigned mismatch
c:\users\user\source\repos\game\game\game.cpp(5184): warning C4244: 'argument': conversion from 'double' to 'float', possible loss of data
c:\users\user\source\repos\game\game\game.cpp(5192): warning C4244: 'argument': conversion from 'double' to 'float', possible loss of data
c:\users\user\source\repos\game\game\game.cpp(5195): warning C4305: 'argument': truncation from 'double' to 'float'
c:\users\user\source\repos\game\game\game.cpp(5200): warning C4244: 'argument': conversion from 'double' to 'float', possible loss of data
c:\users\user\source\repos\game\game\game.cpp(5203): warning C4305: 'argument': truncation from 'double' to 'float'
c:\users\user\source\repos\game\game\game.cpp(5208): warning C4244: 'argument': conversion from 'double' to 'float', possible loss of data
c:\users\user\source\repos\game\game\game.cpp(5211): warning C4305: 'argument': truncation from 'double' to 'float'
c:\users\user\source\repos\game\game\game.cpp(5216): warning C4244: 'argument': conversion from 'double' to 'float', possible loss of data
c:\users\user\source\repos\game\game\game.cpp(5225): warning C4018: '<': signed/unsigned mismatch
c:\users\user\source\repos\game\game\game.cpp(5235): warning C4244: 'argument': conversion from 'double' to 'float', possible loss of data
c:\users\user\source\repos\game\game\game.cpp(5244): warning C4244: 'argument': conversion from 'double' to 'float', possible loss of data
c:\users\user\source\repos\game\game\game.cpp(5253): warning C4244: 'argument': conversion from 'double' to 'float', possible loss of data
c:\users\user\source\repos\game\game\game.cpp(5263): warning C4244: 'argument': conversion from 'double' to 'float', possible loss of data
c:\users\user\source\repos\game\game\game.cpp(5265): warning C4305: 'argument': truncation from 'double' to 'float'
c:\users\user\source\repos\game\game\game.cpp(5309): warning C4018: '<': signed/unsigned mismatch
c:\users\user\source\repos\game\game\game.cpp(5323): warning C4018: '<': signed/unsigned mismatch
c:\users\user\source\repos\game\game\game.cpp(5348): warning C4018: '<': signed/unsigned mismatch
c:\users\user\source\repos\game\game\game.cpp(5352): warning C4018: '<': signed/unsigned mismatch
c:\users\user\source\repos\game\game\game.cpp(5356): warning C4018: '<': signed/unsigned mismatch
c:\users\user\source\repos\game\game\game.cpp(5360): warning C4018: '<': signed/unsigned mismatch
c:\users\user\source\repos\game\game\game.cpp(5365): warning C4018: '<': signed/unsigned mismatch
c:\users\user\source\repos\game\game\game.cpp(5370): warning C4018: '<': signed/unsigned mismatch
c:\users\user\source\repos\game\game\game.cpp(5385): warning C4018: '<': signed/unsigned mismatch
c:\users\user\source\repos\game\game\game.cpp(5449): warning C4244: 'argument': conversion from 'double' to 'float', possible loss of data
c:\users\user\source\repos\game\game\game.cpp(5450): warning C4244: 'argument': conversion from 'double' to 'float', possible loss of data
c:\users\user\source\repos\game\game\game.cpp(5450): warning C4244: 'argument': conversion from 'unsigned int' to 'float', possible loss of data
c:\users\user\source\repos\game\game\game.cpp(5454): warning C4244: 'argument': conversion from 'double' to 'float', possible loss of data
c:\users\user\source\repos\game\game\game.cpp(5455): warning C4244: 'argument': conversion from 'double' to 'float', possible loss of data
c:\users\user\source\repos\game\game\game.cpp(5460): warning C4244: 'argument': conversion from 'double' to 'float', possible loss of data
c:\users\user\source\repos\game\game\game.cpp(5461): warning C4244: 'argument': conversion from 'double' to 'float', possible loss of data
c:\users\user\source\repos\game\game\game.cpp(5461): warning C4244: 'argument': conversion from 'unsigned int' to 'float', possible loss of data
c:\users\user\source\repos\game\game\game.cpp(5468): warning C4244: 'argument': conversion from 'double' to 'float', possible loss of data
c:\users\user\source\repos\game\game\game.cpp(5573): warning C4018: '<': signed/unsigned mismatch
c:\users\user\source\repos\game\game\game.cpp(5575): warning C4018: '<': signed/unsigned mismatch
c:\users\user\source\repos\game\game\game.cpp(5588): warning C4018: '<': signed/unsigned mismatch
c:\users\user\source\repos\game\game\game.cpp(5590): warning C4018: '<': signed/unsigned mismatch
c:\users\user\source\repos\game\game\game.cpp(5603): warning C4018: '<': signed/unsigned mismatch
c:\users\user\source\repos\game\game\game.cpp(5605): warning C4018: '<': signed/unsigned mismatch
c:\users\user\source\repos\game\game\game.cpp(5618): warning C4018: '<': signed/unsigned mismatch
c:\users\user\source\repos\game\game\game.cpp(5620): warning C4018: '<': signed/unsigned mismatch
c:\users\user\source\repos\game\game\game.cpp(5633): warning C4018: '<': signed/unsigned mismatch
c:\users\user\source\repos\game\game\game.cpp(5635): warning C4018: '<': signed/unsigned mismatch
c:\users\user\source\repos\game\game\game.cpp(5648): warning C4018: '<': signed/unsigned mismatch
c:\users\user\source\repos\game\game\game.cpp(5650): warning C4018: '<': signed/unsigned mismatch
c:\users\user\source\repos\game\game\game.cpp(5663): warning C4018: '<': signed/unsigned mismatch
c:\users\user\source\repos\game\game\game.cpp(5665): warning C4018: '<': signed/unsigned mismatch
c:\users\user\source\repos\game\game\game.cpp(5678): warning C4018: '<': signed/unsigned mismatch
c:\users\user\source\repos\game\game\game.cpp(5680): warning C4018: '<': signed/unsigned mismatch
c:\users\user\source\repos\game\game\game.cpp(5696): warning C4018: '<': signed/unsigned mismatch
c:\users\user\source\repos\game\game\game.cpp(5698): warning C4018: '<': signed/unsigned mismatch
c:\users\user\source\repos\game\game\game.cpp(5710): warning C4018: '<': signed/unsigned mismatch
c:\users\user\source\repos\game\game\game.cpp(5712): warning C4018: '<': signed/unsigned mismatch
c:\users\user\source\repos\game\game\game.cpp(5721): warning C4018: '<': signed/unsigned mismatch
c:\users\user\source\repos\game\game\game.cpp(5723): warning C4018: '<': signed/unsigned mismatch
c:\users\user\source\repos\game\game\game.cpp(5731): warning C4018: '<': signed/unsigned mismatch
c:\users\user\source\repos\game\game\game.cpp(5733): warning C4018: '<': signed/unsigned mismatch
c:\users\user\source\repos\game\game\game.cpp(5737): warning C4244: 'argument': conversion from 'double' to 'float', possible loss of data
c:\users\user\source\repos\game\game\game.cpp(5741): warning C4018: '<': signed/unsigned mismatch
c:\users\user\source\repos\game\game\game.cpp(5743): warning C4018: '<': signed/unsigned mismatch
c:\users\user\source\repos\game\game\game.cpp(5752): warning C4018: '<': signed/unsigned mismatch
c:\users\user\source\repos\game\game\game.cpp(5754): warning C4018: '<': signed/unsigned mismatch
c:\users\user\source\repos\game\game\game.cpp(5758): warning C4244: 'argument': conversion from 'double' to 'float', possible loss of data
c:\users\user\source\repos\game\game\game.cpp(5762): warning C4018: '<': signed/unsigned mismatch
c:\users\user\source\repos\game\game\game.cpp(5764): warning C4018: '<': signed/unsigned mismatch
c:\users\user\source\repos\game\game\game.cpp(5776): warning C4018: '<': signed/unsigned mismatch
c:\users\user\source\repos\game\game\game.cpp(5792): warning C4244: 'argument': conversion from 'float' to 'int', possible loss of data
c:\users\user\source\repos\game\game\game.cpp(5805): warning C4244: 'argument': conversion from 'float' to 'int', possible loss of data
c:\users\user\source\repos\game\game\game.cpp(5818): warning C4244: 'argument': conversion from 'float' to 'int', possible loss of data
c:\users\user\source\repos\game\game\game.cpp(5831): warning C4244: 'argument': conversion from 'float' to 'int', possible loss of data
c:\users\user\source\repos\game\game\game.cpp(5844): warning C4018: '<': signed/unsigned mismatch
c:\users\user\source\repos\game\game\game.cpp(5859): warning C4018: '<': signed/unsigned mismatch
c:\users\user\source\repos\game\game\game.cpp(5867): warning C4018: '<': signed/unsigned mismatch
c:\users\user\source\repos\game\game\game.cpp(5877): warning C4018: '<': signed/unsigned mismatch
c:\users\user\source\repos\game\game\game.cpp(5892): warning C4018: '<': signed/unsigned mismatch
c:\users\user\source\repos\game\game\game.cpp(5900): warning C4018: '<': signed/unsigned mismatch
c:\users\user\source\repos\game\game\game.cpp(5910): warning C4018: '<': signed/unsigned mismatch
c:\users\user\source\repos\game\game\game.cpp(5920): warning C4018: '<': signed/unsigned mismatch
c:\users\user\source\repos\game\game\game.cpp(5935): warning C4018: '<': signed/unsigned mismatch
c:\users\user\source\repos\game\game\game.cpp(5942): warning C4244: 'argument': conversion from 'double' to 'float', possible loss of data
c:\users\user\source\repos\game\game\game.cpp(5950): warning C4244: 'argument': conversion from 'double' to 'float', possible loss of data
c:\users\user\source\repos\game\game\game.cpp(5953): warning C4305: 'argument': truncation from 'double' to 'float'
c:\users\user\source\repos\game\game\game.cpp(5958): warning C4244: 'argument': conversion from 'double' to 'float', possible loss of data
c:\users\user\source\repos\game\game\game.cpp(5961): warning C4305: 'argument': truncation from 'double' to 'float'
c:\users\user\source\repos\game\game\game.cpp(5966): warning C4244: 'argument': conversion from 'double' to 'float', possible loss of data
c:\users\user\source\repos\game\game\game.cpp(5969): warning C4305: 'argument': truncation from 'double' to 'float'
c:\users\user\source\repos\game\game\game.cpp(5974): warning C4244: 'argument': conversion from 'double' to 'float', possible loss of data
c:\users\user\source\repos\game\game\game.cpp(5977): warning C4305: 'argument': truncation from 'double' to 'float'
c:\users\user\source\repos\game\game\game.cpp(5984): warning C4018: '<': signed/unsigned mismatch
c:\users\user\source\repos\game\game\game.cpp(5994): warning C4244: 'argument': conversion from 'double' to 'float', possible loss of data
c:\users\user\source\repos\game\game\game.cpp(6003): warning C4244: 'argument': conversion from 'double' to 'float', possible loss of data
c:\users\user\source\repos\game\game\game.cpp(6012): warning C4244: 'argument': conversion from 'double' to 'float', possible loss of data
c:\users\user\source\repos\game\game\game.cpp(6022): warning C4244: 'argument': conversion from 'double' to 'float', possible loss of data
c:\users\user\source\repos\game\game\game.cpp(6024): warning C4305: 'argument': truncation from 'double' to 'float'
c:\users\user\source\repos\game\game\game.cpp(6031): warning C4018: '<': signed/unsigned mismatch
c:\users\user\source\repos\game\game\game.cpp(6041): warning C4244: 'argument': conversion from 'double' to 'float', possible loss of data
c:\users\user\source\repos\game\game\game.cpp(6050): warning C4244: 'argument': conversion from 'double' to 'float', possible loss of data
c:\users\user\source\repos\game\game\game.cpp(6059): warning C4244: 'argument': conversion from 'double' to 'float', possible loss of data
c:\users\user\source\repos\game\game\game.cpp(6069): warning C4244: 'argument': conversion from 'double' to 'float', possible loss of data
c:\users\user\source\repos\game\game\game.cpp(6071): warning C4305: 'argument': truncation from 'double' to 'float'
c:\users\user\source\repos\game\game\game.cpp(6078): warning C4018: '<': signed/unsigned mismatch
c:\users\user\source\repos\game\game\game.cpp(6088): warning C4244: 'argument': conversion from 'double' to 'float', possible loss of data
c:\users\user\source\repos\game\game\game.cpp(6090): warning C4305: 'argument': truncation from 'double' to 'float'
c:\users\user\source\repos\game\game\game.cpp(6131): warning C4018: '<': signed/unsigned mismatch
c:\users\user\source\repos\game\game\game.cpp(6145): warning C4018: '<': signed/unsigned mismatch
c:\users\user\source\repos\game\game\game.cpp(6170): warning C4018: '<': signed/unsigned mismatch
c:\users\user\source\repos\game\game\game.cpp(6174): warning C4018: '<': signed/unsigned mismatch
c:\users\user\source\repos\game\game\game.cpp(6178): warning C4018: '<': signed/unsigned mismatch
c:\users\user\source\repos\game\game\game.cpp(6182): warning C4018: '<': signed/unsigned mismatch
c:\users\user\source\repos\game\game\game.cpp(6186): warning C4018: '<': signed/unsigned mismatch
c:\users\user\source\repos\game\game\game.cpp(6190): warning C4018: '<': signed/unsigned mismatch
c:\users\user\source\repos\game\game\game.cpp(6194): warning C4018: '<': signed/unsigned mismatch
c:\users\user\source\repos\game\game\game.cpp(6198): warning C4018: '<': signed/unsigned mismatch
c:\users\user\source\repos\game\game\game.cpp(6214): warning C4018: '<': signed/unsigned mismatch
c:\users\user\source\repos\game\game\game.cpp(6326): warning C4244: 'argument': conversion from 'double' to 'float', possible loss of data
c:\users\user\source\repos\game\game\game.cpp(6327): warning C4244: 'argument': conversion from 'double' to 'float', possible loss of data
c:\users\user\source\repos\game\game\game.cpp(6327): warning C4244: 'argument': conversion from 'unsigned int' to 'float', possible loss of data
c:\users\user\source\repos\game\game\game.cpp(6331): warning C4244: 'argument': conversion from 'double' to 'float', possible loss of data
c:\users\user\source\repos\game\game\game.cpp(6332): warning C4244: 'argument': conversion from 'double' to 'float', possible loss of data
c:\users\user\source\repos\game\game\game.cpp(6337): warning C4244: 'argument': conversion from 'double' to 'float', possible loss of data
c:\users\user\source\repos\game\game\game.cpp(6338): warning C4244: 'argument': conversion from 'double' to 'float', possible loss of data
c:\users\user\source\repos\game\game\game.cpp(6338): warning C4244: 'argument': conversion from 'unsigned int' to 'float', possible loss of data
c:\users\user\source\repos\game\game\game.cpp(6345): warning C4244: 'argument': conversion from 'double' to 'float', possible loss of data
c:\users\user\source\repos\game\game\game.cpp(6373): warning C4244: 'argument': conversion from 'int' to 'float', possible loss of data
c:\users\user\source\repos\game\game\game.cpp(6392): warning C4244: 'argument': conversion from 'int' to 'float', possible loss of data
c:\users\user\source\repos\game\game\game.cpp(6449): warning C4018: '<': signed/unsigned mismatch
c:\users\user\source\repos\game\game\game.cpp(6451): warning C4018: '<': signed/unsigned mismatch
c:\users\user\source\repos\game\game\game.cpp(6464): warning C4018: '<': signed/unsigned mismatch
c:\users\user\source\repos\game\game\game.cpp(6466): warning C4018: '<': signed/unsigned mismatch
c:\users\user\source\repos\game\game\game.cpp(6479): warning C4018: '<': signed/unsigned mismatch
c:\users\user\source\repos\game\game\game.cpp(6481): warning C4018: '<': signed/unsigned mismatch
c:\users\user\source\repos\game\game\game.cpp(6494): warning C4018: '<': signed/unsigned mismatch
c:\users\user\source\repos\game\game\game.cpp(6496): warning C4018: '<': signed/unsigned mismatch
c:\users\user\source\repos\game\game\game.cpp(6509): warning C4018: '<': signed/unsigned mismatch
c:\users\user\source\repos\game\game\game.cpp(6511): warning C4018: '<': signed/unsigned mismatch
c:\users\user\source\repos\game\game\game.cpp(6524): warning C4018: '<': signed/unsigned mismatch
c:\users\user\source\repos\game\game\game.cpp(6526): warning C4018: '<': signed/unsigned mismatch
c:\users\user\source\repos\game\game\game.cpp(6542): warning C4018: '<': signed/unsigned mismatch
c:\users\user\source\repos\game\game\game.cpp(6544): warning C4018: '<': signed/unsigned mismatch
c:\users\user\source\repos\game\game\game.cpp(6556): warning C4018: '<': signed/unsigned mismatch
c:\users\user\source\repos\game\game\game.cpp(6558): warning C4018: '<': signed/unsigned mismatch
c:\users\user\source\repos\game\game\game.cpp(6567): warning C4018: '<': signed/unsigned mismatch
c:\users\user\source\repos\game\game\game.cpp(6569): warning C4018: '<': signed/unsigned mismatch
c:\users\user\source\repos\game\game\game.cpp(6578): warning C4018: '<': signed/unsigned mismatch
c:\users\user\source\repos\game\game\game.cpp(6580): warning C4018: '<': signed/unsigned mismatch
c:\users\user\source\repos\game\game\game.cpp(6591): warning C4018: '<': signed/unsigned mismatch
c:\users\user\source\repos\game\game\game.cpp(6607): warning C4244: 'argument': conversion from 'float' to 'int', possible loss of data
c:\users\user\source\repos\game\game\game.cpp(6620): warning C4244: 'argument': conversion from 'float' to 'int', possible loss of data
c:\users\user\source\repos\game\game\game.cpp(6633): warning C4244: 'argument': conversion from 'float' to 'int', possible loss of data
c:\users\user\source\repos\game\game\game.cpp(6646): warning C4244: 'argument': conversion from 'float' to 'int', possible loss of data
c:\users\user\source\repos\game\game\game.cpp(6659): warning C4018: '<': signed/unsigned mismatch
c:\users\user\source\repos\game\game\game.cpp(6675): warning C4018: '<': signed/unsigned mismatch
c:\users\user\source\repos\game\game\game.cpp(6691): warning C4018: '<': signed/unsigned mismatch
c:\users\user\source\repos\game\game\game.cpp(6699): warning C4018: '<': signed/unsigned mismatch
c:\users\user\source\repos\game\game\game.cpp(6714): warning C4018: '<': signed/unsigned mismatch
c:\users\user\source\repos\game\game\game.cpp(6721): warning C4244: 'argument': conversion from 'double' to 'float', possible loss of data
c:\users\user\source\repos\game\game\game.cpp(6729): warning C4244: 'argument': conversion from 'double' to 'float', possible loss of data
c:\users\user\source\repos\game\game\game.cpp(6732): warning C4305: 'argument': truncation from 'double' to 'float'
c:\users\user\source\repos\game\game\game.cpp(6737): warning C4244: 'argument': conversion from 'double' to 'float', possible loss of data
c:\users\user\source\repos\game\game\game.cpp(6740): warning C4305: 'argument': truncation from 'double' to 'float'
c:\users\user\source\repos\game\game\game.cpp(6745): warning C4244: 'argument': conversion from 'double' to 'float', possible loss of data
c:\users\user\source\repos\game\game\game.cpp(6748): warning C4305: 'argument': truncation from 'double' to 'float'
c:\users\user\source\repos\game\game\game.cpp(6753): warning C4244: 'argument': conversion from 'double' to 'float', possible loss of data
c:\users\user\source\repos\game\game\game.cpp(6756): warning C4305: 'argument': truncation from 'double' to 'float'
c:\users\user\source\repos\game\game\game.cpp(6763): warning C4018: '<': signed/unsigned mismatch
c:\users\user\source\repos\game\game\game.cpp(6773): warning C4244: 'argument': conversion from 'double' to 'float', possible loss of data
c:\users\user\source\repos\game\game\game.cpp(6782): warning C4244: 'argument': conversion from 'double' to 'float', possible loss of data
c:\users\user\source\repos\game\game\game.cpp(6791): warning C4244: 'argument': conversion from 'double' to 'float', possible loss of data
c:\users\user\source\repos\game\game\game.cpp(6801): warning C4244: 'argument': conversion from 'double' to 'float', possible loss of data
c:\users\user\source\repos\game\game\game.cpp(6803): warning C4305: 'argument': truncation from 'double' to 'float'
c:\users\user\source\repos\game\game\game.cpp(6814): warning C4018: '<': signed/unsigned mismatch
c:\users\user\source\repos\game\game\game.cpp(6862): warning C4018: '<': signed/unsigned mismatch
c:\users\user\source\repos\game\game\game.cpp(6876): warning C4018: '<': signed/unsigned mismatch
c:\users\user\source\repos\game\game\game.cpp(6901): warning C4018: '<': signed/unsigned mismatch
c:\users\user\source\repos\game\game\game.cpp(6905): warning C4018: '<': signed/unsigned mismatch
c:\users\user\source\repos\game\game\game.cpp(6909): warning C4018: '<': signed/unsigned mismatch
c:\users\user\source\repos\game\game\game.cpp(6913): warning C4018: '<': signed/unsigned mismatch
c:\users\user\source\repos\game\game\game.cpp(6917): warning C4018: '<': signed/unsigned mismatch
c:\users\user\source\repos\game\game\game.cpp(6922): warning C4018: '<': signed/unsigned mismatch
c:\users\user\source\repos\game\game\game.cpp(6926): warning C4018: '<': signed/unsigned mismatch
c:\users\user\source\repos\game\game\game.cpp(6945): warning C4018: '<': signed/unsigned mismatch
  Game.vcxproj -> C:\Users\user\source\repos\Game\Debug\Game.exe
